[2024-09-12T22:40:01.095+0000] {local_task_job_runner.py:123} INFO - ::group::Pre task execution logs
[2024-09-12T22:40:01.102+0000] {taskinstance.py:2612} INFO - Dependencies all met for dep_context=non-requeueable deps ti=<TaskInstance: download_iris_dataset.download_iris_dataset_task scheduled__2024-09-12T22:35:00+00:00 [queued]>
[2024-09-12T22:40:01.105+0000] {taskinstance.py:2612} INFO - Dependencies all met for dep_context=requeueable deps ti=<TaskInstance: download_iris_dataset.download_iris_dataset_task scheduled__2024-09-12T22:35:00+00:00 [queued]>
[2024-09-12T22:40:01.105+0000] {taskinstance.py:2865} INFO - Starting attempt 1 of 2
[2024-09-12T22:40:01.111+0000] {taskinstance.py:2888} INFO - Executing <Task(PythonOperator): download_iris_dataset_task> on 2024-09-12 22:35:00+00:00
[2024-09-12T22:40:01.116+0000] {logging_mixin.py:190} WARNING - /home/***/.local/lib/python3.12/site-packages/***/task/task_runner/standard_task_runner.py:70 DeprecationWarning: This process (pid=7742) is multi-threaded, use of fork() may lead to deadlocks in the child.
[2024-09-12T22:40:01.116+0000] {standard_task_runner.py:72} INFO - Started process 7743 to run task
[2024-09-12T22:40:01.116+0000] {standard_task_runner.py:104} INFO - Running: ['***', 'tasks', 'run', 'download_iris_dataset', 'download_iris_dataset_task', 'scheduled__2024-09-12T22:35:00+00:00', '--job-id', '25', '--raw', '--subdir', 'DAGS_FOLDER/download_iris_dataset_dag.py', '--cfg-path', '/tmp/tmpjwz_20ho']
[2024-09-12T22:40:01.117+0000] {standard_task_runner.py:105} INFO - Job 25: Subtask download_iris_dataset_task
[2024-09-12T22:40:01.124+0000] {logging_mixin.py:190} WARNING - /home/***/.local/lib/python3.12/site-packages/***/settings.py:209 DeprecationWarning: The sql_alchemy_conn option in [core] has been moved to the sql_alchemy_conn option in [database] - the old setting has been used, but please update your config.
[2024-09-12T22:40:01.141+0000] {task_command.py:467} INFO - Running <TaskInstance: download_iris_dataset.download_iris_dataset_task scheduled__2024-09-12T22:35:00+00:00 [running]> on host 1f97181468c2
[2024-09-12T22:40:01.142+0000] {logging_mixin.py:190} WARNING - /home/***/.local/lib/python3.12/site-packages/***/settings.py:470 DeprecationWarning: The sql_alchemy_conn option in [core] has been moved to the sql_alchemy_conn option in [database] - the old setting has been used, but please update your config.
[2024-09-12T22:40:01.181+0000] {taskinstance.py:3131} INFO - Exporting env vars: AIRFLOW_CTX_DAG_OWNER='Ian' AIRFLOW_CTX_DAG_ID='download_iris_dataset' AIRFLOW_CTX_TASK_ID='download_iris_dataset_task' AIRFLOW_CTX_EXECUTION_DATE='2024-09-12T22:35:00+00:00' AIRFLOW_CTX_TRY_NUMBER='1' AIRFLOW_CTX_DAG_RUN_ID='scheduled__2024-09-12T22:35:00+00:00'
[2024-09-12T22:40:01.182+0000] {logging_mixin.py:190} INFO - Task instance is in running state
[2024-09-12T22:40:01.182+0000] {logging_mixin.py:190} INFO -  Previous state of the Task instance: queued
[2024-09-12T22:40:01.182+0000] {logging_mixin.py:190} INFO - Current task name:download_iris_dataset_task state:running start_date:2024-09-12 22:40:01.102440+00:00
[2024-09-12T22:40:01.182+0000] {logging_mixin.py:190} INFO - Dag name:download_iris_dataset and current dag run status:running
[2024-09-12T22:40:01.183+0000] {taskinstance.py:731} INFO - ::endgroup::
[2024-09-12T22:40:01.183+0000] {download_iris_dataset_dag.py:44} INFO - Starting download from https://archive.ics.uci.edu/ml/machine-learning-databases/iris/iris.data
[2024-09-12T22:40:02.836+0000] {download_iris_dataset_dag.py:52} INFO - Iris dataset loaded into a DataFrame successfully.
[2024-09-12T22:40:02.848+0000] {download_iris_dataset_dag.py:64} INFO - Iris dataset saved to ./output/iris_dataset.csv successfully.
[2024-09-12T22:40:02.848+0000] {python.py:240} INFO - Done. Returned value was: None
[2024-09-12T22:40:02.853+0000] {taskinstance.py:340} INFO - ::group::Post task execution logs
[2024-09-12T22:40:02.853+0000] {taskinstance.py:352} INFO - Marking task as SUCCESS. dag_id=download_iris_dataset, task_id=download_iris_dataset_task, run_id=scheduled__2024-09-12T22:35:00+00:00, execution_date=20240912T223500, start_date=20240912T224001, end_date=20240912T224002
[2024-09-12T22:40:02.857+0000] {logging_mixin.py:190} INFO - Task instance in success state
[2024-09-12T22:40:02.857+0000] {logging_mixin.py:190} INFO -  Previous state of the Task instance: running
[2024-09-12T22:40:02.857+0000] {logging_mixin.py:190} INFO - Dag name:download_iris_dataset queued_at:2024-09-12 22:40:00.837534+00:00
[2024-09-12T22:40:02.857+0000] {logging_mixin.py:190} INFO - Task hostname:1f97181468c2 operator:PythonOperator
[2024-09-12T22:40:02.885+0000] {local_task_job_runner.py:266} INFO - Task exited with return code 0
[2024-09-12T22:40:02.893+0000] {taskinstance.py:3900} INFO - 0 downstream tasks scheduled from follow-on schedule check
[2024-09-12T22:40:02.893+0000] {local_task_job_runner.py:245} INFO - ::endgroup::
